<?xml version="1.0" encoding="UTF-8"?>
<!-- Generated by org.testng.reporters.JUnitReportReporter -->
<testsuite hostname="AP-HYB-jLc1JClc" failures="0" tests="8" name="testcases.accountApiTest.FavoritesTest" time="8.320" errors="0" timestamp="2025-09-19T20:00:33 IST" skipped="0">
  <testcase classname="testcases.accountApiTest.FavoritesTest" name="testFavorites" time="0.971"/>
  <testcase classname="testcases.accountApiTest.FavoritesTest" name="testFavorites" time="1.000"/>
  <testcase classname="testcases.accountApiTest.FavoritesTest" name="testFavorites" time="0.911"/>
  <testcase classname="testcases.accountApiTest.FavoritesTest" name="testFavorites" time="1.020"/>
  <testcase classname="testcases.accountApiTest.FavoritesTest" name="testFavorites" time="1.318"/>
  <testcase classname="testcases.accountApiTest.FavoritesTest" name="testFavorites" time="0.995"/>
  <testcase classname="testcases.accountApiTest.FavoritesTest" name="testFavorites" time="1.106"/>
  <testcase classname="testcases.accountApiTest.FavoritesTest" name="testFavorites" time="0.999"/>
</testsuite> <!-- testcases.accountApiTest.FavoritesTest -->
