<?xml version="1.0" encoding="UTF-8"?>
<!-- Generated by org.testng.reporters.JUnitReportReporter -->
<testsuite hostname="AP-HYB-jLc1JClc" failures="0" tests="1" name="testcases.accountApiTest.AuthFlowTest" time="1.779" errors="0" timestamp="2025-07-07T18:54:45 IST" skipped="0">
  <testcase classname="testcases.accountApiTest.AuthFlowTest" name="login" time="1.779"/>
</testsuite> <!-- testcases.accountApiTest.AuthFlowTest -->
