<?xml version="1.0" encoding="UTF-8"?>
<!-- Generated by org.testng.reporters.JUnitReportReporter -->
<testsuite hostname="AP-HYB-jLc1JClc" failures="0" tests="8" name="testcases.accountApiTest.FavoritesTest" time="4.560" errors="0" timestamp="2025-07-09T20:41:40 IST" skipped="0">
  <testcase classname="testcases.accountApiTest.FavoritesTest" name="testFavorites" time="0.553"/>
  <testcase classname="testcases.accountApiTest.FavoritesTest" name="testFavorites" time="0.606"/>
  <testcase classname="testcases.accountApiTest.FavoritesTest" name="testFavorites" time="0.551"/>
  <testcase classname="testcases.accountApiTest.FavoritesTest" name="testFavorites" time="0.583"/>
  <testcase classname="testcases.accountApiTest.FavoritesTest" name="testFavorites" time="0.572"/>
  <testcase classname="testcases.accountApiTest.FavoritesTest" name="testFavorites" time="0.551"/>
  <testcase classname="testcases.accountApiTest.FavoritesTest" name="testFavorites" time="0.561"/>
  <testcase classname="testcases.accountApiTest.FavoritesTest" name="testFavorites" time="0.583"/>
</testsuite> <!-- testcases.accountApiTest.FavoritesTest -->
