<?xml version="1.0" encoding="UTF-8"?>
<!-- Generated by org.testng.reporters.JUnitReportReporter -->
<testsuite hostname="AP-HYB-jLc1JClc" failures="0" tests="2" name="testcases.accountApiTest.AuthFlowTest" time="6.542" errors="0" timestamp="2025-09-17T23:58:46 IST" skipped="0">
  <testcase classname="testcases.accountApiTest.AuthFlowTest" name="login" time="5.495"/>
  <testcase classname="testcases.accountApiTest.AuthFlowTest" name="logOut" time="1.047"/>
</testsuite> <!-- testcases.accountApiTest.AuthFlowTest -->
